	soup = bs4(page, 'html.parser')
Traceback (most recent call last):
  File "D:\mysite\StockInvestment\StockInvestment\src\get_stock_code.py", line 60, in <module>
    soup = bs4(page, 'html.parser')
  File "D:\ProgramFiles\Python310-32\lib\site-packages\bs4\__init__.py", line 215, in __init__
    self._feed()
  File "D:\ProgramFiles\Python310-32\lib\site-packages\bs4\__init__.py", line 239, in _feed
    self.builder.feed(self.markup)
  File "D:\ProgramFiles\Python310-32\lib\site-packages\bs4\builder\_htmlparser.py", line 164, in feed
    parser.feed(markup)
  File "D:\ProgramFiles\Python310-32\lib\html\parser.py", line 110, in feed
    self.goahead(0)
  File "D:\ProgramFiles\Python310-32\lib\html\parser.py", line 170, in goahead
    k = self.parse_starttag(i)
  File "D:\ProgramFiles\Python310-32\lib\html\parser.py", line 344, in parse_starttag
    self.handle_starttag(tag, attrs)
  File "D:\ProgramFiles\Python310-32\lib\site-packages\bs4\builder\_htmlparser.py", line 62, in handle_starttag
    self.soup.handle_starttag(name, None, None, attr_dict)
  File "D:\ProgramFiles\Python310-32\lib\site-packages\bs4\__init__.py", line 404, in handle_starttag
    self.currentTag, self._most_recent_element)
  File "D:\ProgramFiles\Python310-32\lib\site-packages\bs4\element.py", line 1001, in __getattr__
    return self.find(tag)
  File "D:\ProgramFiles\Python310-32\lib\site-packages\bs4\element.py", line 1238, in find
    l = self.find_all(name, attrs, recursive, text, 1, **kwargs)
  File "D:\ProgramFiles\Python310-32\lib\site-packages\bs4\element.py", line 1259, in find_all
    return self._find_all(name, attrs, text, limit, generator, **kwargs)
  File "D:\ProgramFiles\Python310-32\lib\site-packages\bs4\element.py", line 516, in _find_all
    strainer = SoupStrainer(name, attrs, text, **kwargs)
  File "D:\ProgramFiles\Python310-32\lib\site-packages\bs4\element.py", line 1560, in __init__
    self.text = self._normalize_search_value(text)
  File "D:\ProgramFiles\Python310-32\lib\site-packages\bs4\element.py", line 1565, in _normalize_search_value
    if (isinstance(value, str) or isinstance(value, collections.Callable) or hasattr(value, 'match')
AttributeError: module 'collections' has no attribute 'Callable'

	soup = bs4(page, 'lxml')
Traceback (most recent call last):
  File "D:\mysite\StockInvestment\StockInvestment\src\get_stock_code.py", line 61, in <module>
    soup = bs4(page, 'lxml')
  File "D:\ProgramFiles\Python310-32\lib\site-packages\bs4\__init__.py", line 215, in __init__
    self._feed()
  File "D:\ProgramFiles\Python310-32\lib\site-packages\bs4\__init__.py", line 239, in _feed
    self.builder.feed(self.markup)
  File "D:\ProgramFiles\Python310-32\lib\site-packages\bs4\builder\_lxml.py", line 239, in feed
    self.parser = self.parser_for(encoding)
  File "D:\ProgramFiles\Python310-32\lib\site-packages\bs4\builder\_lxml.py", line 57, in parser_for
    if isinstance(parser, collections.Callable):
AttributeError: module 'collections' has no attribute 'Callable'
